#
# A fatal error has been detected by the Java Runtime Environment:
#
#  EXCEPTION_IN_PAGE_ERROR (0xc0000006) at pc=0x000000006dddf321, pid=6528, tid=0x00000000000018ac
#
# JRE version: OpenJDK Runtime Environment (8.0_152-b02) (build 1.8.0_152-release-1024-b02)
# Java VM: OpenJDK 64-Bit Server VM (25.152-b02 mixed mode windows-amd64 compressed oops)
# Problematic frame:
# V  [jvm.dll+0xef321]
#
# Failed to write core dump. Minidumps are not enabled by default on client versions of Windows
#
# If you would like to submit a bug report, please visit:
#   http://bugreport.java.com/bugreport/crash.jsp
#

---------------  T H R E A D  ---------------

Current thread (0x00000000165a5000):  VMThread [stack: 0x0000000017640000,0x0000000017740000] [id=6316]

siginfo: ExceptionCode=0xc0000006, ExceptionInformation=0x0000000000000000 0x00000000a3541188 0x00000000c000009c 

Registers:
RAX=0x0000000012940000, RBX=0x00000000a3541180, RCX=0x0000000000000000, RDX=0x0000000000000001
RSP=0x000000001773f000, RBP=0x00000000a35407fc, RSI=0x0000000002c5c1c0, RDI=0x0000000002c5c1c0
R8 =0x000000000001aa08, R9 =0x0000000100041c00, R10=0x000000000000000c, R11=0x000000006e2b8848
R12=0x00000000a3540808, R13=0x0000000100041e70, R14=0x0000000100041e80, R15=0x00000000a35407e0
RIP=0x000000006dddf321, EFLAGS=0x0000000000010202

Top of Stack: (sp=0x000000001773f000)
0x000000001773f000:   0000000100041c00 00000000a353ff6c
0x000000001773f010:   0000000000000042 000000006dee5f72
0x000000001773f020:   0000000000000000 0000000000000000
0x000000001773f030:   000000001c4cf330 00000000a2fd4950
0x000000001773f040:   00000000000002f5 000000006e0b4030
0x000000001773f050:   0000000016fe3808 00000000000083b0
0x000000001773f060:   0000000002c5c1c0 00000000165a45f0
0x000000001773f070:   000000006e4b4970 0000000000000007
0x000000001773f080:   000000001773f340 0000000000000000
0x000000001773f090:   00000000165a45f0 000000006dddd8a5
0x000000001773f0a0:   0000000016fe3be0 00000000a2fd4938
0x000000001773f0b0:   000000001773f300 000000001c4cf330
0x000000001773f0c0:   000000001c4cf670 0000000000000000
0x000000001773f0d0:   00000000165a45f0 00000000a2fd4950
0x000000001773f0e0:   000000001773f300 00000000000083b0
0x000000001773f0f0:   000000001c4d7318 000000006ddb5809 

Instructions: (pc=0x000000006dddf321)
0x000000006dddf301:   48 8b 05 98 56 6d 00 4a 8b 0c c0 48 0f a3 d1 0f
0x000000006dddf311:   82 59 01 00 00 0f b6 15 b4 b5 6c 00 84 d2 74 16
0x000000006dddf321:   44 8b 43 08 8b 0d 2d c3 66 00 49 d3 e0 4c 03 05
0x000000006dddf331:   1b c3 66 00 eb 04 4c 8b 43 08 45 8b 48 08 45 85 


Register to memory mapping:

RAX=0x0000000012940000 is an unknown value
RBX=
[error occurred during error reporting (printing register info), id 0xc0000006]

Stack: [0x0000000017640000,0x0000000017740000],  sp=0x000000001773f000,  free space=1020k
Native frames: (J=compiled Java code, j=interpreted, Vv=VM code, C=native code)
V  [jvm.dll+0xef321]
V  [jvm.dll+0x3c4030]
V  [jvm.dll+0xc5809]
V  [jvm.dll+0xc6512]
V  [jvm.dll+0xc6b2e]
V  [jvm.dll+0x3ca597]
V  [jvm.dll+0x3cb95e]
V  [jvm.dll+0x3cbf6b]
V  [jvm.dll+0x8acb5]
V  [jvm.dll+0x2656ac]
V  [jvm.dll+0x223d67]
V  [jvm.dll+0x223022]
V  [jvm.dll+0x2234a1]
V  [jvm.dll+0x2236be]
V  [jvm.dll+0x26d7ea]
C  [msvcr100.dll+0x21d9f]
C  [msvcr100.dll+0x21e3b]
C  [KERNEL32.DLL+0x13d2]
C  [ntdll.dll+0x15444]

VM_Operation (0x000000001aab7fe0): CollectForMetadataAllocation, mode: safepoint, requested by thread 0x000000001e1cf000


---------------  P R O C E S S  ---------------

Java Threads: ( => current thread )
  0x000000001e1d1800 JavaThread "Cache worker for file hash cache (E:\Android\AndroidDev\Projects\MusicApp\.gradle\4.4\fileHashes)" [_thread_blocked, id=7556, stack(0x000000001d060000,0x000000001d160000)]
  0x000000001e1d0000 JavaThread "Stdin handler" [_thread_blocked, id=9180, stack(0x000000001abc0000,0x000000001acc0000)]
  0x000000001e1cc000 JavaThread "Asynchronous log dispatcher for DefaultDaemonConnection: socket connection from /127.0.0.1:1212 to /127.0.0.1:2256" [_thread_blocked, id=7640, stack(0x000000001aac0000,0x000000001abc0000)]
  0x000000001e1cf000 JavaThread "Daemon worker Thread 11" [_thread_blocked, id=8912, stack(0x000000001a9c0000,0x000000001aac0000)]
  0x000000001e1cb800 JavaThread "Cancel handler" [_thread_blocked, id=2712, stack(0x000000001a8c0000,0x000000001a9c0000)]
  0x000000001e1cd800 JavaThread "Handler for socket connection from /127.0.0.1:1212 to /127.0.0.1:2256" [_thread_in_native, id=5400, stack(0x000000001a5c0000,0x000000001a6c0000)]
  0x000000001e1cd000 JavaThread "Daemon Thread 11" [_thread_blocked, id=8504, stack(0x000000001a4c0000,0x000000001a5c0000)]
  0x000000001e1ce800 JavaThread "Memory manager" [_thread_blocked, id=5140, stack(0x000000001d460000,0x000000001d560000)]
  0x0000000019b50800 JavaThread "File lock request listener" [_thread_in_native, id=6084, stack(0x000000001bf90000,0x000000001c090000)]
  0x0000000019b07800 JavaThread "Cache worker for file hash cache (C:\Users\El3ashry\.gradle\caches\4.4\fileHashes)" [_thread_blocked, id=4048, stack(0x000000001be90000,0x000000001bf90000)]
  0x0000000019388800 JavaThread "Daemon periodic checks" [_thread_blocked, id=6008, stack(0x000000001a3c0000,0x000000001a4c0000)]
  0x0000000019381000 JavaThread "Incoming local TCP Connector on port 1212" [_thread_in_native, id=6388, stack(0x000000001a1d0000,0x000000001a2d0000)]
  0x0000000017f48800 JavaThread "Service Thread" daemon [_thread_blocked, id=6920, stack(0x0000000018320000,0x0000000018420000)]
  0x00000000165ea000 JavaThread "C1 CompilerThread2" daemon [_thread_blocked, id=6748, stack(0x0000000017e20000,0x0000000017f20000)]
  0x00000000165e1000 JavaThread "C2 CompilerThread1" daemon [_thread_blocked, id=6756, stack(0x0000000017d20000,0x0000000017e20000)]
  0x00000000165d9800 JavaThread "C2 CompilerThread0" daemon [_thread_blocked, id=3720, stack(0x0000000017c20000,0x0000000017d20000)]
  0x00000000165e7000 JavaThread "Attach Listener" daemon [_thread_blocked, id=4028, stack(0x0000000017b20000,0x0000000017c20000)]
  0x00000000165e6000 JavaThread "Signal Dispatcher" daemon [_thread_blocked, id=3540, stack(0x0000000017a20000,0x0000000017b20000)]
  0x0000000002c6c800 JavaThread "Finalizer" daemon [_thread_blocked, id=6308, stack(0x0000000017840000,0x0000000017940000)]
  0x00000000165a7000 JavaThread "Reference Handler" daemon [_thread_blocked, id=6684, stack(0x0000000017740000,0x0000000017840000)]
  0x00000000029ce000 JavaThread "main" [_thread_blocked, id=3864, stack(0x0000000002a70000,0x0000000002b70000)]

Other Threads:
=>0x00000000165a5000 VMThread [stack: 0x0000000017640000,0x0000000017740000] [id=6316]
  0x000000001663c800 WatcherThread [stack: 0x0000000018420000,0x0000000018520000] [id=2836]

VM state:at safepoint (normal execution)

VM Mutex/Monitor currently owned by a thread:  ([mutex/lock_event])
[0x00000000029ccd50] Threads_lock - owner thread: 0x00000000165a5000
[0x00000000029cd5d0] Heap_lock - owner thread: 0x000000001e1cf000

Heap:
 PSYoungGen      total 361472K, used 5060K [0x00000000e0000000, 0x00000000fc000000, 0x0000000100000000)
  eden space 356352K, 0% used [0x00000000e0000000,0x00000000e0000000,0x00000000f5c00000)
  from space 5120K, 98% used [0x00000000f9880000,0x00000000f9d71148,0x00000000f9d80000)
  to   space 25600K, 0% used [0x00000000fa700000,0x00000000fa700000,0x00000000fc000000)
 ParOldGen       total 138240K, used 74638K [0x00000000a0000000, 0x00000000a8700000, 0x00000000e0000000)
  object space 138240K, 53% used [0x00000000a0000000,0x00000000a48e3990,0x00000000a8700000)
 Metaspace       used 91946K, capacity 98364K, committed 98380K, reserved 1134592K
  class space    used 11600K, capacity 12785K, committed 12800K, reserved 1048576K

Card table byte_map: [0x0000000012030000,0x0000000012340000] byte_map_base: 0x0000000011b30000

Marking Bits: (ParMarkBitMap*) 0x000000006e4b4970
 Begin Bits: [0x0000000012940000, 0x0000000014140000)
 End Bits:   [0x0000000014140000, 0x0000000015940000)

Polling page: 0x0000000002970000

CodeCache: size=245760Kb used=64346Kb max_used=64384Kb free=181413Kb
 bounds [0x0000000002c70000, 0x0000000006be0000, 0x0000000011c70000]
 total_blobs=19764 nmethods=18895 adapters=779
 compilation: enabled

Compilation events (10 events):
Event: 9043.784 Thread 0x00000000165ea000 nmethod 24452 0x0000000002eb4d10 code [0x0000000002eb4e80, 0x0000000002eb50a8]
Event: 9043.787 Thread 0x00000000165ea000 24455       3       org.gradle.model.internal.inspect.ModelRuleExtractor$DefaultExtractedRuleSource::mapInputs (80 bytes)
Event: 9043.788 Thread 0x00000000165ea000 nmethod 24455 0x000000000582ff90 code [0x00000000058301a0, 0x0000000005830b08]
Event: 9043.791 Thread 0x00000000165ea000 24454       3       org.gradle.model.internal.registry.DefaultModelRegistry::register (82 bytes)
Event: 9043.798 Thread 0x00000000165e1000 24458       4       org.codehaus.groovy.reflection.ReflectionCache::getCachedClass (14 bytes)
Event: 9043.815 Thread 0x00000000165ea000 nmethod 24454 0x0000000005897f10 code [0x00000000058981e0, 0x00000000058996d8]
Event: 9043.818 Thread 0x00000000165ea000 24456       3       org.gradle.internal.logging.source.JavaUtilLoggingSystem::snapshot (23 bytes)
Event: 9043.818 Thread 0x00000000165ea000 nmethod 24456 0x0000000005897910 code [0x0000000005897a80, 0x0000000005897db0]
Event: 9043.821 Thread 0x00000000165ea000 24457       3       org.gradle.internal.logging.source.JavaUtilLoggingSystem$SnapshotImpl::<init> (20 bytes)
Event: 9043.822 Thread 0x00000000165ea000 nmethod 24457 0x00000000058974d0 code [0x0000000005897620, 0x0000000005897810]

GC Heap History (10 events):
Event: 6135.445 GC heap after
Heap after GC invocations=36 (full 3):
 PSYoungGen      total 449536K, used 7872K [0x00000000e0000000, 0x00000000ff580000, 0x0000000100000000)
  eden space 419840K, 0% used [0x00000000e0000000,0x00000000e0000000,0x00000000f9a00000)
  from space 29696K, 26% used [0x00000000f9a00000,0x00000000fa1b00b8,0x00000000fb700000)
  to   space 28672K, 0% used [0x00000000fd980000,0x00000000fd980000,0x00000000ff580000)
 ParOldGen       total 138240K, used 74606K [0x00000000a0000000, 0x00000000a8700000, 0x00000000e0000000)
  object space 138240K, 53% used [0x00000000a0000000,0x00000000a48db990,0x00000000a8700000)
 Metaspace       used 89073K, capacity 93752K, committed 93912K, reserved 1130496K
  class space    used 11303K, capacity 12247K, committed 12288K, reserved 1048576K
}
Event: 6499.892 GC heap before
{Heap before GC invocations=37 (full 3):
 PSYoungGen      total 449536K, used 427712K [0x00000000e0000000, 0x00000000ff580000, 0x0000000100000000)
  eden space 419840K, 100% used [0x00000000e0000000,0x00000000f9a00000,0x00000000f9a00000)
  from space 29696K, 26% used [0x00000000f9a00000,0x00000000fa1b00b8,0x00000000fb700000)
  to   space 28672K, 0% used [0x00000000fd980000,0x00000000fd980000,0x00000000ff580000)
 ParOldGen       total 138240K, used 74606K [0x00000000a0000000, 0x00000000a8700000, 0x00000000e0000000)
  object space 138240K, 53% used [0x00000000a0000000,0x00000000a48db990,0x00000000a8700000)
 Metaspace       used 90497K, capacity 95968K, committed 96344K, reserved 1132544K
  class space    used 11459K, capacity 12547K, committed 12672K, reserved 1048576K
Event: 6499.942 GC heap after
Heap after GC invocations=37 (full 3):
 PSYoungGen      total 414720K, used 11774K [0x00000000e0000000, 0x00000000fe500000, 0x0000000100000000)
  eden space 402944K, 0% used [0x00000000e0000000,0x00000000e0000000,0x00000000f8980000)
  from space 11776K, 99% used [0x00000000fd980000,0x00000000fe4ffa50,0x00000000fe500000)
  to   space 27136K, 0% used [0x00000000fb000000,0x00000000fb000000,0x00000000fca80000)
 ParOldGen       total 138240K, used 74614K [0x00000000a0000000, 0x00000000a8700000, 0x00000000e0000000)
  object space 138240K, 53% used [0x00000000a0000000,0x00000000a48dd990,0x00000000a8700000)
 Metaspace       used 90497K, capacity 95968K, committed 96344K, reserved 1132544K
  class space    used 11459K, capacity 12547K, committed 12672K, reserved 1048576K
}
Event: 8672.846 GC heap before
{Heap before GC invocations=38 (full 3):
 PSYoungGen      total 414720K, used 414718K [0x00000000e0000000, 0x00000000fe500000, 0x0000000100000000)
  eden space 402944K, 100% used [0x00000000e0000000,0x00000000f8980000,0x00000000f8980000)
  from space 11776K, 99% used [0x00000000fd980000,0x00000000fe4ffa50,0x00000000fe500000)
  to   space 27136K, 0% used [0x00000000fb000000,0x00000000fb000000,0x00000000fca80000)
 ParOldGen       total 138240K, used 74614K [0x00000000a0000000, 0x00000000a8700000, 0x00000000e0000000)
  object space 138240K, 53% used [0x00000000a0000000,0x00000000a48dd990,0x00000000a8700000)
 Metaspace       used 90965K, capacity 96726K, committed 96856K, reserved 1134592K
  class space    used 11491K, capacity 12598K, committed 12672K, reserved 1048576K
Event: 8672.908 GC heap after
Heap after GC invocations=38 (full 3):
 PSYoungGen      total 402432K, used 15424K [0x00000000e0000000, 0x00000000fda00000, 0x0000000100000000)
  eden space 386560K, 0% used [0x00000000e0000000,0x00000000e0000000,0x00000000f7980000)
  from space 15872K, 97% used [0x00000000fb000000,0x00000000fbf100d0,0x00000000fbf80000)
  to   space 27136K, 0% used [0x00000000fbf80000,0x00000000fbf80000,0x00000000fda00000)
 ParOldGen       total 138240K, used 74622K [0x00000000a0000000, 0x00000000a8700000, 0x00000000e0000000)
  object space 138240K, 53% used [0x00000000a0000000,0x00000000a48df990,0x00000000a8700000)
 Metaspace       used 90965K, capacity 96726K, committed 96856K, reserved 1134592K
  class space    used 11491K, capacity 12598K, committed 12672K, reserved 1048576K
}
Event: 8683.214 GC heap before
{Heap before GC invocations=39 (full 3):
 PSYoungGen      total 402432K, used 401089K [0x00000000e0000000, 0x00000000fda00000, 0x0000000100000000)
  eden space 386560K, 99% used [0x00000000e0000000,0x00000000f78a0578,0x00000000f7980000)
  from space 15872K, 97% used [0x00000000fb000000,0x00000000fbf100d0,0x00000000fbf80000)
  to   space 27136K, 0% used [0x00000000fbf80000,0x00000000fbf80000,0x00000000fda00000)
 ParOldGen       total 138240K, used 74622K [0x00000000a0000000, 0x00000000a8700000, 0x00000000e0000000)
  object space 138240K, 53% used [0x00000000a0000000,0x00000000a48df990,0x00000000a8700000)
 Metaspace       used 91329K, capacity 97088K, committed 97368K, reserved 1134592K
  class space    used 11502K, capacity 12605K, committed 12672K, reserved 1048576K
Event: 8683.246 GC heap after
Heap after GC invocations=39 (full 3):
 PSYoungGen      total 382464K, used 11218K [0x00000000e0000000, 0x00000000fca80000, 0x0000000100000000)
  eden space 371200K, 0% used [0x00000000e0000000,0x00000000e0000000,0x00000000f6a80000)
  from space 11264K, 99% used [0x00000000fbf80000,0x00000000fca74b00,0x00000000fca80000)
  to   space 25600K, 0% used [0x00000000f9880000,0x00000000f9880000,0x00000000fb180000)
 ParOldGen       total 138240K, used 74630K [0x00000000a0000000, 0x00000000a8700000, 0x00000000e0000000)
  object space 138240K, 53% used [0x00000000a0000000,0x00000000a48e1990,0x00000000a8700000)
 Metaspace       used 91329K, capacity 97088K, committed 97368K, reserved 1134592K
  class space    used 11502K, capacity 12605K, committed 12672K, reserved 1048576K
}
Event: 9043.892 GC heap before
{Heap before GC invocations=40 (full 3):
 PSYoungGen      total 382464K, used 378056K [0x00000000e0000000, 0x00000000fca80000, 0x0000000100000000)
  eden space 371200K, 98% used [0x00000000e0000000,0x00000000f663d708,0x00000000f6a80000)
  from space 11264K, 99% used [0x00000000fbf80000,0x00000000fca74b00,0x00000000fca80000)
  to   space 25600K, 0% used [0x00000000f9880000,0x00000000f9880000,0x00000000fb180000)
 ParOldGen       total 138240K, used 74630K [0x00000000a0000000, 0x00000000a8700000, 0x00000000e0000000)
  object space 138240K, 53% used [0x00000000a0000000,0x00000000a48e1990,0x00000000a8700000)
 Metaspace       used 91946K, capacity 98364K, committed 98380K, reserved 1134592K
  class space    used 11600K, capacity 12785K, committed 12800K, reserved 1048576K
Event: 9043.936 GC heap after
Heap after GC invocations=40 (full 3):
 PSYoungGen      total 361472K, used 5060K [0x00000000e0000000, 0x00000000fc000000, 0x0000000100000000)
  eden space 356352K, 0% used [0x00000000e0000000,0x00000000e0000000,0x00000000f5c00000)
  from space 5120K, 98% used [0x00000000f9880000,0x00000000f9d71148,0x00000000f9d80000)
  to   space 25600K, 0% used [0x00000000fa700000,0x00000000fa700000,0x00000000fc000000)
 ParOldGen       total 138240K, used 74638K [0x00000000a0000000, 0x00000000a8700000, 0x00000000e0000000)
  object space 138240K, 53% used [0x00000000a0000000,0x00000000a48e3990,0x00000000a8700000)
 Metaspace       used 91946K, capacity 98364K, committed 98380K, reserved 1134592K
  class space    used 11600K, capacity 12785K, committed 12800K, reserved 1048576K
}
Event: 9043.936 GC heap before
{Heap before GC invocations=41 (full 4):
 PSYoungGen      total 361472K, used 5060K [0x00000000e0000000, 0x00000000fc000000, 0x0000000100000000)
  eden space 356352K, 0% used [0x00000000e0000000,0x00000000e0000000,0x00000000f5c00000)
  from space 5120K, 98% used [0x00000000f9880000,0x00000000f9d71148,0x00000000f9d80000)
  to   space 25600K, 0% used [0x00000000fa700000,0x00000000fa700000,0x00000000fc000000)
 ParOldGen       total 138240K, used 74638K [0x00000000a0000000, 0x00000000a8700000, 0x00000000e0000000)
  object space 138240K, 53% used [0x00000000a0000000,0x00000000a48e3990,0x00000000a8700000)
 Metaspace       used 91946K, capacity 98364K, committed 98380K, reserved 1134592K
  class space    used 11600K, capacity 12785K, committed 12800K, reserved 1048576K

Deoptimization events (10 events):
Event: 8678.617 Thread 0x0000000021b38800 Uncommon trap: reason=array_check action=maybe_recompile pc=0x000000000623e5b8 method=java.util.TimSort.mergeHi(IIII)V @ 171
Event: 8678.640 Thread 0x0000000021b35000 Uncommon trap: reason=predicate action=maybe_recompile pc=0x000000000623e2f0 method=java.util.TimSort.mergeHi(IIII)V @ 191
Event: 8680.034 Thread 0x0000000021b2f800 Uncommon trap: reason=unstable_if action=reinterpret pc=0x0000000005583088 method=java.lang.StringCoding$StringDecoder.decode([BII)[C @ 33
Event: 8683.528 Thread 0x0000000021b2f800 Uncommon trap: reason=unstable_if action=reinterpret pc=0x000000000557c42c method=java.lang.StringCoding$StringDecoder.decode([BII)[C @ 33
Event: 8683.597 Thread 0x0000000021b2f800 Uncommon trap: reason=unstable_if action=reinterpret pc=0x00000000035d1aa0 method=java.lang.ref.SoftReference.get()Ljava/lang/Object; @ 6
Event: 8756.924 Thread 0x0000000021b33800 Uncommon trap: reason=unstable_if action=reinterpret pc=0x000000000665bf78 method=com.sun.tools.javac.parser.JavaTokenizer.scanOperator()V @ 71
Event: 8757.074 Thread 0x0000000021b33800 Uncommon trap: reason=class_check action=maybe_recompile pc=0x0000000005416d24 method=com.sun.tools.javac.comp.Attr.check(Lcom/sun/tools/javac/tree/JCTree;Lcom/sun/tools/javac/code/Type;ILcom/sun/tools/javac/comp/Attr$ResultInfo;)Lcom/sun/tools/javac/code
Event: 8757.095 Thread 0x0000000021b33800 Uncommon trap: reason=bimorphic action=maybe_recompile pc=0x0000000005469340 method=com.sun.tools.javac.tree.TreeInfo.flags(Lcom/sun/tools/javac/tree/JCTree;)J @ 4
Event: 8757.142 Thread 0x0000000021b33800 Uncommon trap: reason=unstable_if action=reinterpret pc=0x00000000052f3f28 method=com.sun.tools.javac.code.Scope.lookup(Lcom/sun/tools/javac/util/Name;Lcom/sun/tools/javac/util/Filter;)Lcom/sun/tools/javac/code/Scope$Entry; @ 19
Event: 8757.594 Thread 0x0000000021b36800 Uncommon trap: reason=unstable_if action=reinterpret pc=0x0000000006b47960 method=org.objectweb.asm.Item.a(Lorg/objectweb/asm/Item;)Z @ 345

Classes redefined (0 events):
No events

Internal exceptions (10 events):
Event: 8679.269 Thread 0x0000000021b30800 Exception <a 'sun/nio/fs/WindowsException'> (0x00000000f15f12d8) thrown at [D:\src\AOSP-openjdk-cygwin\jdk8u\hotspot\src\share\vm\prims\jni.cpp, line 709]
Event: 8679.293 Thread 0x0000000021b31000 Exception <a 'sun/nio/fs/WindowsException'> (0x00000000f15909f0) thrown at [D:\src\AOSP-openjdk-cygwin\jdk8u\hotspot\src\share\vm\prims\jni.cpp, line 709]
Event: 8679.300 Thread 0x0000000021b38800 Exception <a 'sun/nio/fs/WindowsException'> (0x00000000f14789b0) thrown at [D:\src\AOSP-openjdk-cygwin\jdk8u\hotspot\src\share\vm\prims\jni.cpp, line 709]
Event: 8679.301 Thread 0x0000000021b34000 Exception <a 'sun/nio/fs/WindowsException'> (0x00000000f1777318) thrown at [D:\src\AOSP-openjdk-cygwin\jdk8u\hotspot\src\share\vm\prims\jni.cpp, line 709]
Event: 8683.597 Thread 0x0000000021b2f800 Implicit null exception at 0x00000000035d08dc to 0x00000000035d1a89
Event: 8755.885 Thread 0x0000000019a61000 Exception <a 'sun/nio/fs/WindowsException'> (0x00000000f054db70) thrown at [D:\src\AOSP-openjdk-cygwin\jdk8u\hotspot\src\share\vm\prims\jni.cpp, line 709]
Event: 8758.103 Thread 0x0000000021b39800 Exception <a 'sun/nio/fs/WindowsException'> (0x00000000f32fe128) thrown at [D:\src\AOSP-openjdk-cygwin\jdk8u\hotspot\src\share\vm\prims\jni.cpp, line 709]
Event: 8758.425 Thread 0x000000001dffd800 Exception <a 'sun/nio/fs/WindowsException'> (0x00000000f490ce00) thrown at [D:\src\AOSP-openjdk-cygwin\jdk8u\hotspot\src\share\vm\prims\jni.cpp, line 709]
Event: 8758.779 Thread 0x0000000021b39800 Exception <a 'sun/nio/fs/WindowsException'> (0x00000000f4db1650) thrown at [D:\src\AOSP-openjdk-cygwin\jdk8u\hotspot\src\share\vm\prims\jni.cpp, line 709]
Event: 8758.837 Thread 0x000000001dffd000 Exception <a 'sun/nio/fs/WindowsException'> (0x00000000f52d01d8) thrown at [D:\src\AOSP-openjdk-cygwin\jdk8u\hotspot\src\share\vm\prims\jni.cpp, line 709]

Events (10 events):
Event: 9043.768 Executing VM operation: BulkRevokeBias done
Event: 9043.782 Thread 0x00000000165ea000 flushing nmethod 0x0000000002eb4a50
Event: 9043.788 Thread 0x00000000165ea000 flushing nmethod 0x0000000003295b90
Event: 9043.823 Thread 0x00000000165ea000 flushing nmethod 0x0000000003e9c710
Event: 9043.823 Thread 0x00000000165ea000 flushing nmethod 0x0000000003ec1790
Event: 9043.824 Thread 0x00000000165ea000 flushing nmethod 0x0000000003f2e250
Event: 9043.824 Thread 0x00000000165ea000 flushing nmethod 0x0000000003fdf510
Event: 9043.824 Thread 0x00000000165ea000 flushing nmethod 0x0000000003fed190
Event: 9043.835 Thread 0x00000000165ea000 flushing nmethod 0x0000000004012590
Event: 9043.884 Executing VM operation: CollectForMetadataAllocation


Dynamic libraries:
0x00007ff61a680000 - 0x00007ff61a6b1000 	C:\Program Files\Android\Android Studio\jre\bin\java.exe
0x00007ffa1c630000 - 0x00007ffa1c7dc000 	C:\Windows\SYSTEM32\ntdll.dll
0x00007ffa1a260000 - 0x00007ffa1a39e000 	C:\Windows\system32\KERNEL32.DLL
0x00007ffa19950000 - 0x00007ffa19a65000 	C:\Windows\system32\KERNELBASE.dll
0x00007ffa1c1b0000 - 0x00007ffa1c25a000 	C:\Windows\system32\ADVAPI32.dll
0x00007ffa1c260000 - 0x00007ffa1c3d7000 	C:\Windows\system32\USER32.dll
0x00007ffa173c0000 - 0x00007ffa1763b000 	C:\Windows\WinSxS\amd64_microsoft.windows.common-controls_6595b64144ccf1df_6.0.9600.17784_none_624760d1ecb7236e\COMCTL32.dll
0x00007ffa1a790000 - 0x00007ffa1a83a000 	C:\Windows\system32\msvcrt.dll
0x00007ffa1a6d0000 - 0x00007ffa1a729000 	C:\Windows\SYSTEM32\sechost.dll
0x00007ffa19cb0000 - 0x00007ffa19df1000 	C:\Windows\system32\RPCRT4.dll
0x00007ffa1a3a0000 - 0x00007ffa1a4f1000 	C:\Windows\system32\GDI32.dll
0x00007ffa1a500000 - 0x00007ffa1a536000 	C:\Windows\system32\IMM32.DLL
0x00007ffa1c400000 - 0x00007ffa1c552000 	C:\Windows\system32\MSCTF.dll
0x000000006dc10000 - 0x000000006dce2000 	C:\Program Files\Android\Android Studio\jre\jre\bin\msvcr100.dll
0x000000006dcf0000 - 0x000000006e52f000 	C:\Program Files\Android\Android Studio\jre\jre\bin\server\jvm.dll
0x00007ffa11de0000 - 0x00007ffa11de9000 	C:\Windows\SYSTEM32\WSOCK32.dll
0x00007ffa10400000 - 0x00007ffa10422000 	C:\Windows\SYSTEM32\WINMM.dll
0x00007ffa12150000 - 0x00007ffa1215a000 	C:\Windows\SYSTEM32\VERSION.dll
0x00007ffa1a840000 - 0x00007ffa1a847000 	C:\Windows\system32\PSAPI.DLL
0x00007ffa1a1e0000 - 0x00007ffa1a23a000 	C:\Windows\system32\WS2_32.dll
0x00007ffa0dfb0000 - 0x00007ffa0dfda000 	C:\Windows\SYSTEM32\WINMMBASE.dll
0x00007ffa1c3e0000 - 0x00007ffa1c3e9000 	C:\Windows\system32\NSI.dll
0x00007ffa19900000 - 0x00007ffa1994f000 	C:\Windows\SYSTEM32\cfgmgr32.dll
0x00007ffa18570000 - 0x00007ffa18598000 	C:\Windows\SYSTEM32\DEVOBJ.dll
0x00007ff9f6960000 - 0x00007ff9f696f000 	C:\Program Files\Android\Android Studio\jre\jre\bin\verify.dll
0x00007ff9edeb0000 - 0x00007ff9eded9000 	C:\Program Files\Android\Android Studio\jre\jre\bin\java.dll
0x00007ff9e1530000 - 0x00007ff9e1546000 	C:\Program Files\Android\Android Studio\jre\jre\bin\zip.dll
0x00007ffa1aa70000 - 0x00007ffa1bf88000 	C:\Windows\system32\SHELL32.dll
0x00007ffa1a850000 - 0x00007ffa1aa61000 	C:\Windows\SYSTEM32\combase.dll
0x00007ffa1a180000 - 0x00007ffa1a1d4000 	C:\Windows\system32\SHLWAPI.dll
0x00007ffa17f80000 - 0x00007ffa18032000 	C:\Windows\SYSTEM32\SHCORE.dll
0x00007ffa19780000 - 0x00007ffa19795000 	C:\Windows\SYSTEM32\profapi.dll
0x00007ff9e1510000 - 0x00007ff9e152a000 	C:\Program Files\Android\Android Studio\jre\jre\bin\net.dll
0x00007ffa19060000 - 0x00007ffa190b9000 	C:\Windows\system32\mswsock.dll
0x00007ff9e14f0000 - 0x00007ff9e1501000 	C:\Program Files\Android\Android Studio\jre\jre\bin\nio.dll
0x00007ffa11990000 - 0x00007ffa119ae000 	C:\Users\El3ashry\.gradle\native\25\windows-amd64\native-platform.dll
0x00007ff9f6950000 - 0x00007ff9f695d000 	C:\Program Files\Android\Android Studio\jre\jre\bin\management.dll
0x00007ffa190c0000 - 0x00007ffa190e0000 	C:\Windows\SYSTEM32\CRYPTSP.dll
0x00007ffa18c70000 - 0x00007ffa18ca6000 	C:\Windows\system32\rsaenh.dll
0x00007ffa19310000 - 0x00007ffa19336000 	C:\Windows\SYSTEM32\bcrypt.dll
0x00007ffa18d80000 - 0x00007ffa18da1000 	C:\Windows\SYSTEM32\USERENV.dll
0x00007ffa19650000 - 0x00007ffa196b3000 	C:\Windows\system32\bcryptprimitives.dll
0x00007ffa196c0000 - 0x00007ffa196cb000 	C:\Windows\SYSTEM32\CRYPTBASE.dll
0x00007ffa15a90000 - 0x00007ffa15aba000 	C:\Windows\SYSTEM32\IPHLPAPI.DLL
0x00007ffa16640000 - 0x00007ffa1664a000 	C:\Windows\SYSTEM32\WINNSI.DLL
0x00007ffa157e0000 - 0x00007ffa157f6000 	C:\Windows\SYSTEM32\dhcpcsvc6.DLL
0x00007ffa15810000 - 0x00007ffa1582a000 	C:\Windows\SYSTEM32\dhcpcsvc.DLL
0x00007ffa11aa0000 - 0x00007ffa11c29000 	C:\Windows\SYSTEM32\dbghelp.dll

VM Arguments:
jvm_args: -Xmx1536m -Dfile.encoding=windows-1252 -Duser.country=US -Duser.language=en -Duser.variant 
java_command: org.gradle.launcher.daemon.bootstrap.GradleDaemon 4.4
java_class_path (initial): C:\Users\El3ashry\.gradle\wrapper\dists\gradle-4.4-all\9br9xq1tocpiv8o6njlyu5op1\gradle-4.4\lib\gradle-launcher-4.4.jar
Launcher Type: SUN_STANDARD

Environment Variables:
JAVA_HOME=C:\Program Files\Java\jdk1.8.0_121
PATH=C:\ProgramData\Oracle\Java\javapath;C:\Program Files (x86)\Intel\iCLS Client\;C:\Program Files\Intel\iCLS Client\;C:\Windows\system32;C:\Windows;C:\Windows\System32\Wbem;C:\Windows\System32\WindowsPowerShell\v1.0\;C:\Program Files (x86)\Intel\Intel(R) Management Engine Components\DAL;C:\Program Files\Intel\Intel(R) Management Engine Components\DAL;C:\Program Files (x86)\Intel\Intel(R) Management Engine Components\IPT;C:\Program Files\Intel\Intel(R) Management Engine Components\IPT;C:\Program Files\Microsoft SQL Server\120\Tools\Binn\;C:\Program Files\MATLAB\R2010a\runtime\win64;C:\Program Files\MATLAB\R2010a\bin;C:\Program Files (x86)\Windows Kits\8.1\Windows Performance Toolkit\;C:\Program Files (x86)\NVIDIA Corporation\PhysX\Common;C:\Program Files\Java\jdk1.8.0_121;C:\Program Files\Java\jdk1.8.0_121\bin;C:\Users\El3ashry\AppData\Local\Android\sdk\tools;C:\Users\El3ashry\AppData\Local\Android\sdk\platform-tools;C:\Program Files\Git\cmd;C:\PostgreSQL\pg11\bin;C:\Program Files\Microsoft SQL Server\Client SDK\ODBC\130\Tools\Binn\;C:\Program Files (x86)\Microsoft SQL Server\140\Tools\Binn\;C:\Program Files\Microsoft SQL Server\140\Tools\Binn\;C:\Program Files\Microsoft SQL Server\140\DTS\Binn\;C:\Program Files (x86)\Microsoft SQL Server\Client SDK\ODBC\130\Tools\Binn\;C:\Program Files (x86)\Microsoft SQL Server\140\DTS\Binn\;C:\Program Files (x86)\Microsoft SQL Server\140\Tools\Binn\ManagementStudio\;C:\Users\El3ashry\AppData\Local\GitHubDesktop\bin;C:\Program Files (x86)\Nmap
USERNAME=El3ashry
OS=Windows_NT
PROCESSOR_IDENTIFIER=Intel64 Family 6 Model 69 Stepping 1, GenuineIntel



---------------  S Y S T E M  ---------------

OS: Windows 8.1 , 64 bit Build 9600 (6.3.9600.17415)

CPU:total 4 (initial active 4) (2 cores per cpu, 2 threads per core) family 6 model 69 stepping 1, cmov, cx8, fxsr, mmx, sse, sse2, sse3, ssse3, sse4.1, sse4.2, popcnt, avx, avx2, aes, clmul, erms, lzcnt, ht, tsc, tscinvbit, bmi1, bmi2

Memory: 4k page, physical 8290440k(1354872k free), swap 16679048k(7047024k free)

vm_info: OpenJDK 64-Bit Server VM (25.152-b02) for windows-amd64 JRE (1.8.0_152-release-1024-b02), built by "builder" with MS VC++ 10.0 (VS2010)

time: Sat Dec 08 21:02:07 2018
elapsed time: 9074 seconds (0d 2h 31m 14s)

